<?xml version="1.0" encoding="UTF-8"?>
<!-- Generated by org.testng.reporters.JUnitXMLReporter -->
<testsuite ignored="0" hostname="MAVBCP2226" failures="0" tests="4" name="Default test" time="23.47" errors="0" timestamp="2022-01-13T11:24:57 IST">
  <testcase classname="com.testcases.CalculatorTests" name="sumTest" time="2.882"/>
  <testcase classname="com.testcases.CalculatorTests" name="subTest" time="2.436"/>
  <testcase classname="com.testcases.CalculatorTests" name="mulTest" time="2.224"/>
  <testcase classname="com.testcases.CalculatorTests" name="divTest" time="2.255"/>
</testsuite> <!-- Default test -->
