<?xml version="1.0" encoding="UTF-8"?>
<testng-results ignored="0" total="4" passed="4" failed="0" skipped="0">
  <reporter-output>
  </reporter-output>
  <suite started-at="2022-01-13T11:24:34 IST" name="Default suite" finished-at="2022-01-13T11:24:57 IST" duration-ms="23470">
    <groups>
    </groups>
    <test started-at="2022-01-13T11:24:34 IST" name="Default test" finished-at="2022-01-13T11:24:57 IST" duration-ms="23470">
      <class name="com.testcases.CalculatorTests">
        <test-method is-config="true" signature="setup()[pri:0, instance:com.testcases.CalculatorTests@738dc9b]" started-at="2022-01-13T11:24:34 IST" name="setup" finished-at="2022-01-13T11:24:47 IST" duration-ms="13534" status="PASS">
          <reporter-output>
          </reporter-output>
        </test-method> <!-- setup -->
        <test-method signature="sumTest()[pri:1, instance:com.testcases.CalculatorTests@738dc9b]" started-at="2022-01-13T11:24:47 IST" name="sumTest" finished-at="2022-01-13T11:24:50 IST" duration-ms="2882" status="PASS">
          <reporter-output>
          </reporter-output>
        </test-method> <!-- sumTest -->
        <test-method signature="subTest()[pri:2, instance:com.testcases.CalculatorTests@738dc9b]" started-at="2022-01-13T11:24:50 IST" name="subTest" finished-at="2022-01-13T11:24:53 IST" duration-ms="2436" status="PASS">
          <reporter-output>
          </reporter-output>
        </test-method> <!-- subTest -->
        <test-method signature="mulTest()[pri:3, instance:com.testcases.CalculatorTests@738dc9b]" started-at="2022-01-13T11:24:53 IST" name="mulTest" finished-at="2022-01-13T11:24:55 IST" duration-ms="2224" status="PASS">
          <reporter-output>
          </reporter-output>
        </test-method> <!-- mulTest -->
        <test-method signature="divTest()[pri:4, instance:com.testcases.CalculatorTests@738dc9b]" started-at="2022-01-13T11:24:55 IST" name="divTest" finished-at="2022-01-13T11:24:57 IST" duration-ms="2255" status="PASS">
          <reporter-output>
          </reporter-output>
        </test-method> <!-- divTest -->
      </class> <!-- com.testcases.CalculatorTests -->
    </test> <!-- Default test -->
  </suite> <!-- Default suite -->
</testng-results>
